<?xml version="1.0" encoding="UTF-8"?>
<testng-results ignored="0" total="1" passed="1" failed="0" skipped="0">
  <reporter-output>
  </reporter-output>
  <suite started-at="2025-11-29T22:34:02 IST" name="Default suite" finished-at="2025-11-29T22:34:06 IST" duration-ms="4320">
    <groups>
    </groups>
    <test started-at="2025-11-29T22:34:02 IST" name="Default test" finished-at="2025-11-29T22:34:06 IST" duration-ms="4320">
      <class name="Selenium.ExtentReports.ExtentReportDemo">
        <test-method is-config="true" signature="config()[pri:0, instance:Selenium.ExtentReports.ExtentReportDemo@72cc7e6f]" started-at="2025-11-29T22:34:02 IST" name="config" finished-at="2025-11-29T22:34:02 IST" duration-ms="305" status="PASS">
          <reporter-output>
          </reporter-output>
        </test-method> <!-- config -->
        <test-method signature="initialDemo()[pri:0, instance:Selenium.ExtentReports.ExtentReportDemo@72cc7e6f]" started-at="2025-11-29T22:34:02 IST" name="initialDemo" finished-at="2025-11-29T22:34:06 IST" duration-ms="3968" status="PASS">
          <reporter-output>
          </reporter-output>
        </test-method> <!-- initialDemo -->
      </class> <!-- Selenium.ExtentReports.ExtentReportDemo -->
    </test> <!-- Default test -->
  </suite> <!-- Default suite -->
</testng-results>
